Using pre-set license
Built from '2020.2/release' branch; Version is '2020.2.2f1 (068178b99f32) revision 426360'; Using compiler version '192528614'; Build Type 'Release'
OS: 'Windows 10 Pro; OS build 18363.1379; Version 1909; 64bit' Language: 'en' Physical Memory: 32645 MB
BatchMode: 1, IsHumanControllingUs: 0, StartBugReporterOnCrash: 0, Is64bit: 1, IsPro: 0

 COMMAND LINE ARGUMENTS:
C:\Program Files\Unity\Editor\Unity.exe
-adb2
-batchMode
-noUpm
-name
AssetImportWorker0
-projectPath
C:/Users/lalal/OneDrive - TAFE NSW/Diploma GIT/Platform-Development
-logFile
Logs/AssetImportWorker0.log
-srvPort
49777
Successfully changed project path to: C:/Users/lalal/OneDrive - TAFE NSW/Diploma GIT/Platform-Development
C:/Users/lalal/OneDrive - TAFE NSW/Diploma GIT/Platform-Development
Using Asset Import Pipeline V2.
Refreshing native plugins compatible for Editor in 41.44 ms, found 1 plugins.
Preloading 0 native plugins for Editor in 0.00 ms.
Initialize engine version: 2020.2.2f1 (068178b99f32)
[Subsystems] Discovering subsystems at path C:/Program Files/Unity/Editor/Data/Resources/UnitySubsystems
[Subsystems] Discovering subsystems at path C:/Users/lalal/OneDrive - TAFE NSW/Diploma GIT/Platform-Development/Assets
GfxDevice: creating device client; threaded=0
Direct3D:
    Version:  Direct3D 11.0 [level 11.1]
    Renderer: NVIDIA GeForce RTX 2070 with Max-Q Design (ID=0x1f50)
    Vendor:   
    VRAM:     8031 MB
    Driver:   27.21.14.5763
Initialize mono
Mono path[0] = 'C:/Program Files/Unity/Editor/Data/Managed'
Mono path[1] = 'C:/Program Files/Unity/Editor/Data/MonoBleedingEdge/lib/mono/unityjit'
Mono config path = 'C:/Program Files/Unity/Editor/Data/MonoBleedingEdge/etc'
Using monoOptions --debugger-agent=transport=dt_socket,embedding=1,server=y,suspend=n,address=127.0.0.1:56308
Begin MonoManager ReloadAssembly
Registering precompiled unity dll's ...
Register platform support module: C:/Program Files/Unity/Editor/Data/PlaybackEngines/WindowsStandaloneSupport/UnityEditor.WindowsStandalone.Extensions.dll
Registered in 0.002271 seconds.
Native extension for WindowsStandalone target not found
Refreshing native plugins compatible for Editor in 35.09 ms, found 1 plugins.
Preloading 0 native plugins for Editor in 0.00 ms.
Invoked RoslynAnalysisRunner static constructor.
RoslynAnalysisRunner will not be running.
RoslynAnalysisRunner has terminated.
Mono: successfully reloaded assembly
- Completed reload, in  1.064 seconds
Platform modules already initialized, skipping
Registering precompiled user dll's ...
Registered in 0.001145 seconds.
Begin MonoManager ReloadAssembly
Native extension for WindowsStandalone target not found
Refreshing native plugins compatible for Editor in 37.30 ms, found 1 plugins.
Preloading 0 native plugins for Editor in 0.00 ms.
Invoked RoslynAnalysisRunner static constructor.
RoslynAnalysisRunner will not be running.
RoslynAnalysisRunner has terminated.
Mono: successfully reloaded assembly
- Completed reload, in  0.898 seconds
Platform modules already initialized, skipping
========================================================================
Worker process is ready to serve import requests
Launched and connected shader compiler UnityShaderCompiler.exe after 0.05 seconds
Refreshing native plugins compatible for Editor in 0.31 ms, found 1 plugins.
Preloading 0 native plugins for Editor in 0.00 ms.
Unloading 1797 Unused Serialized files (Serialized files now loaded: 0)
System memory in use before: 84.3 MB.
System memory in use after: 84.4 MB.

Unloading 19 unused Assets to reduce memory usage. Loaded Objects now: 2243.
Total: 2.034300 ms (FindLiveObjects: 0.175300 ms CreateObjectMapping: 0.059300 ms MarkObjects: 1.731200 ms  DeleteObjects: 0.067600 ms)

========================================================================
Received Import Request.
  path: Assets/BreadAndButter
  artifactKey: Guid(6a7ddd09eb387a044976b5dde9e0ee19) Importer(815301076,1909f56bfc062723c751e8b465ee728b)
Start importing Assets/BreadAndButter using Guid(6a7ddd09eb387a044976b5dde9e0ee19) Importer(815301076,1909f56bfc062723c751e8b465ee728b)  -> (artifact id: '3d670a584ed8b1171735bd3a672084bf') in 0.008906 seconds
  Import took 0.012053 seconds .

========================================================================
Received Import Request.
  Time since last request: 0.140657 seconds.
  path: Assets/Scenes/MobileInput.unity
  artifactKey: Guid(2cda990e2423bbf4892e6590ba056729) Importer(815301076,1909f56bfc062723c751e8b465ee728b)
Start importing Assets/Scenes/MobileInput.unity using Guid(2cda990e2423bbf4892e6590ba056729) Importer(815301076,1909f56bfc062723c751e8b465ee728b)  -> (artifact id: '6582a89e0e4252c9090e8d95b9f7f11d') in 0.018153 seconds
  Import took 0.021650 seconds .

========================================================================
Received Import Request.
  Time since last request: 9.426584 seconds.
  path: Assets/Scenes
  artifactKey: Guid(37c52457564795b43a596089b3541681) Importer(815301076,1909f56bfc062723c751e8b465ee728b)
Start importing Assets/Scenes using Guid(37c52457564795b43a596089b3541681) Importer(815301076,1909f56bfc062723c751e8b465ee728b)  -> (artifact id: '2be32f01f0c0c3ba480ff9b2ac8bd0e1') in 0.008197 seconds
  Import took 0.010701 seconds .

========================================================================
Received Import Request.
  Time since last request: 212.200128 seconds.
  path: Assets/BreadAndButter/Testing
  artifactKey: Guid(45705c8bad8f4d741965fc5edcf0d643) Importer(815301076,1909f56bfc062723c751e8b465ee728b)
Start importing Assets/BreadAndButter/Testing using Guid(45705c8bad8f4d741965fc5edcf0d643) Importer(815301076,1909f56bfc062723c751e8b465ee728b)  -> (artifact id: '8916d549448a332a5fc20a62f2f99151') in 0.008005 seconds
  Import took 0.010886 seconds .

========================================================================
Received Import Request.
  Time since last request: 0.007135 seconds.
  path: Assets/BreadAndButter/Testing
  artifactKey: Guid(45705c8bad8f4d741965fc5edcf0d643) Importer(815301076,1909f56bfc062723c751e8b465ee728b)
Start importing Assets/BreadAndButter/Testing using Guid(45705c8bad8f4d741965fc5edcf0d643) Importer(815301076,1909f56bfc062723c751e8b465ee728b)  -> (artifact id: '8916d549448a332a5fc20a62f2f99151') in 0.003086 seconds
  Import took 0.005909 seconds .

========================================================================
Received Import Request.
  Time since last request: 1.983966 seconds.
  path: Assets/BreadAndButter/Testing/MobMod
  artifactKey: Guid(11fd6308a5ed52b4284464cdaa7690f4) Importer(815301076,1909f56bfc062723c751e8b465ee728b)
Start importing Assets/BreadAndButter/Testing/MobMod using Guid(11fd6308a5ed52b4284464cdaa7690f4) Importer(815301076,1909f56bfc062723c751e8b465ee728b)  -> (artifact id: 'f4e04d8fc68fb0f1f87daeeb856e96e0') in 0.007515 seconds
  Import took 0.010000 seconds .

========================================================================
Received Import Request.
  Time since last request: 11.285339 seconds.
  path: Assets/Scripts
  artifactKey: Guid(d9eed9f79fdd2e74085b4defc208bdbd) Importer(815301076,1909f56bfc062723c751e8b465ee728b)
Start importing Assets/Scripts using Guid(d9eed9f79fdd2e74085b4defc208bdbd) Importer(815301076,1909f56bfc062723c751e8b465ee728b)  -> (artifact id: '0adbdb04518f7566894e81e03f61cdd5') in 0.008873 seconds
  Import took 0.011340 seconds .

========================================================================
Received Import Request.
  Time since last request: 11.153931 seconds.
  path: Assets/Scripts/MonoSingleton.cs
  artifactKey: Guid(78df35f7297f62a4db95b5c84ee70772) Importer(815301076,1909f56bfc062723c751e8b465ee728b)
Start importing Assets/Scripts/MonoSingleton.cs using Guid(78df35f7297f62a4db95b5c84ee70772) Importer(815301076,1909f56bfc062723c751e8b465ee728b)  -> (artifact id: 'a4ee9fb5e1c8029f4425b52c26ab583b') in 0.048957 seconds
  Import took 0.051907 seconds .

========================================================================
Received Prepare
Registering precompiled user dll's ...
Registered in 0.001032 seconds.
Begin MonoManager ReloadAssembly
Native extension for WindowsStandalone target not found
Refreshing native plugins compatible for Editor in 0.35 ms, found 1 plugins.
Preloading 0 native plugins for Editor in 0.00 ms.
Invoked RoslynAnalysisRunner static constructor.
RoslynAnalysisRunner will not be running.
RoslynAnalysisRunner has terminated.
Mono: successfully reloaded assembly
- Completed reload, in  0.847 seconds
Platform modules already initialized, skipping
Refreshing native plugins compatible for Editor in 0.36 ms, found 1 plugins.
Preloading 0 native plugins for Editor in 0.00 ms.
Unloading 1788 Unused Serialized files (Serialized files now loaded: 0)
System memory in use before: 84.0 MB.
System memory in use after: 84.1 MB.

Unloading 7 unused Assets to reduce memory usage. Loaded Objects now: 2247.
Total: 1.981500 ms (FindLiveObjects: 0.176600 ms CreateObjectMapping: 0.056300 ms MarkObjects: 1.730900 ms  DeleteObjects: 0.016900 ms)

========================================================================
Received Prepare
Registering precompiled user dll's ...
Registered in 0.001037 seconds.
Begin MonoManager ReloadAssembly
Native extension for WindowsStandalone target not found
Refreshing native plugins compatible for Editor in 0.33 ms, found 1 plugins.
Preloading 0 native plugins for Editor in 0.00 ms.
Invoked RoslynAnalysisRunner static constructor.
RoslynAnalysisRunner will not be running.
RoslynAnalysisRunner has terminated.
Mono: successfully reloaded assembly
- Completed reload, in  0.824 seconds
Platform modules already initialized, skipping
Refreshing native plugins compatible for Editor in 0.31 ms, found 1 plugins.
Preloading 0 native plugins for Editor in 0.00 ms.
Unloading 1788 Unused Serialized files (Serialized files now loaded: 0)
System memory in use before: 84.1 MB.
System memory in use after: 84.2 MB.

Unloading 7 unused Assets to reduce memory usage. Loaded Objects now: 2250.
Total: 2.004800 ms (FindLiveObjects: 0.182200 ms CreateObjectMapping: 0.061400 ms MarkObjects: 1.730400 ms  DeleteObjects: 0.029500 ms)

========================================================================
Received Prepare
Registering precompiled user dll's ...
Registered in 0.001115 seconds.
Begin MonoManager ReloadAssembly
Native extension for WindowsStandalone target not found
Refreshing native plugins compatible for Editor in 0.37 ms, found 1 plugins.
Preloading 0 native plugins for Editor in 0.00 ms.
Invoked RoslynAnalysisRunner static constructor.
RoslynAnalysisRunner will not be running.
RoslynAnalysisRunner has terminated.
Mono: successfully reloaded assembly
- Completed reload, in  0.815 seconds
Platform modules already initialized, skipping
Refreshing native plugins compatible for Editor in 0.32 ms, found 1 plugins.
Preloading 0 native plugins for Editor in 0.00 ms.
Unloading 1788 Unused Serialized files (Serialized files now loaded: 0)
System memory in use before: 84.2 MB.
System memory in use after: 84.3 MB.

Unloading 7 unused Assets to reduce memory usage. Loaded Objects now: 2253.
Total: 1.851700 ms (FindLiveObjects: 0.171700 ms CreateObjectMapping: 0.051000 ms MarkObjects: 1.610100 ms  DeleteObjects: 0.018200 ms)

========================================================================
Received Import Request.
  Time since last request: 1149.489605 seconds.
  path: Assets/BreadAndButter/Testing/MobMod/MonoSingleton.cs
  artifactKey: Guid(78df35f7297f62a4db95b5c84ee70772) Importer(815301076,1909f56bfc062723c751e8b465ee728b)
Start importing Assets/BreadAndButter/Testing/MobMod/MonoSingleton.cs using Guid(78df35f7297f62a4db95b5c84ee70772) Importer(815301076,1909f56bfc062723c751e8b465ee728b)  -> (artifact id: '8cb35ca7bc71458e15e6cf7fd5f176c3') in 0.006315 seconds
  Import took 0.009457 seconds .

AssetImportWorkerClient::OnTransportError - code=2 error=End of file
